[     332ms] [INFO] %cDownload the React DevTools for a better development experience: https://react.dev/link/react-devtools font-weight:bold @ http://localhost:3000/_next/static/chunks/08c5_next_dist_09qnwt3._.js:2477
[     377ms] [LOG] [HMR] connected @ http://localhost:3000/_next/static/chunks/08c5_next_dist_09qnwt3._.js:2477
[   73826ms] [INFO] %cDownload the React DevTools for a better development experience: https://react.dev/link/react-devtools font-weight:bold @ http://localhost:3000/_next/static/chunks/08c5_next_dist_09qnwt3._.js:2477
[   73869ms] [LOG] [HMR] connected @ http://localhost:3000/_next/static/chunks/08c5_next_dist_09qnwt3._.js:2477
[   77648ms] [LOG] [Fast Refresh] rebuilding @ http://localhost:3000/_next/static/chunks/08c5_next_dist_09qnwt3._.js:2477
[   77853ms] [WARNING] [Fast Refresh] performing full reload

Fast Refresh will perform a full reload when you edit a file that's imported by modules outside of the React rendering tree.
You might have a file which exports a React component but also exports a value that is imported by a non-React component file.
Consider migrating the non-React component export to a separate file and importing it into both files.

It is also possible the parent component of the component you edited is a class component, which disables Fast Refresh.
Fast Refresh requires at least one parent function component in your React tree. @ http://localhost:3000/_next/static/chunks/08c5_next_dist_09qnwt3._.js:2477
[   77857ms] [LOG] [Fast Refresh] done in 255ms @ http://localhost:3000/_next/static/chunks/08c5_next_dist_09qnwt3._.js:2477
[   78455ms] [INFO] %cDownload the React DevTools for a better development experience: https://react.dev/link/react-devtools font-weight:bold @ http://localhost:3000/_next/static/chunks/08c5_next_dist_09qnwt3._.js:2477
[   78464ms] [LOG] [HMR] connected @ http://localhost:3000/_next/static/chunks/08c5_next_dist_09qnwt3._.js:2477
[  221261ms] [LOG] [Fast Refresh] rebuilding @ http://localhost:3000/_next/static/chunks/08c5_next_dist_09qnwt3._.js:2477
[  221284ms] [LOG] [Fast Refresh] done in 38ms @ http://localhost:3000/_next/static/chunks/08c5_next_dist_09qnwt3._.js:2477
[  230862ms] [LOG] [Fast Refresh] rebuilding @ http://localhost:3000/_next/static/chunks/08c5_next_dist_09qnwt3._.js:2477
[  230884ms] [LOG] [Fast Refresh] done in 36ms @ http://localhost:3000/_next/static/chunks/08c5_next_dist_09qnwt3._.js:2477
[  237396ms] [LOG] [Fast Refresh] rebuilding @ http://localhost:3000/_next/static/chunks/08c5_next_dist_09qnwt3._.js:2477
[  237466ms] [LOG] [Fast Refresh] done in 30ms @ http://localhost:3000/_next/static/chunks/08c5_next_dist_09qnwt3._.js:2477
[  276452ms] [LOG] [Fast Refresh] rebuilding @ http://localhost:3000/_next/static/chunks/08c5_next_dist_09qnwt3._.js:2477
[  276467ms] [LOG] [Fast Refresh] done in 39ms @ http://localhost:3000/_next/static/chunks/08c5_next_dist_09qnwt3._.js:2477
[  301485ms] [LOG] [Fast Refresh] rebuilding @ http://localhost:3000/_next/static/chunks/08c5_next_dist_09qnwt3._.js:2477
[  301508ms] [LOG] [Fast Refresh] done in 32ms @ http://localhost:3000/_next/static/chunks/08c5_next_dist_09qnwt3._.js:2477
[  319796ms] [LOG] [Fast Refresh] rebuilding @ http://localhost:3000/_next/static/chunks/08c5_next_dist_09qnwt3._.js:2477
[  319821ms] [LOG] [Fast Refresh] done in 31ms @ http://localhost:3000/_next/static/chunks/08c5_next_dist_09qnwt3._.js:2477
